CRITICAL - 2024-10-01 05:24:54 --> CodeIgniter\View\Exceptions\ViewException: Invalid file: "App.php"
[Method: GET, Route: /]
in SYSTEMPATH\Exceptions\FrameworkException.php on line 41.
 1 SYSTEMPATH\View\View.php(222): CodeIgniter\Exceptions\FrameworkException::forInvalidFile('App.php')
 2 SYSTEMPATH\Common.php(1171): CodeIgniter\View\View->render('App', [], true)
 3 APPPATH\Controllers\Home.php(9): view('App')
 4 SYSTEMPATH\CodeIgniter.php(933): App\Controllers\Home->index()
 5 SYSTEMPATH\CodeIgniter.php(509): CodeIgniter\CodeIgniter->runController(Object(App\Controllers\Home))
 6 SYSTEMPATH\CodeIgniter.php(355): CodeIgniter\CodeIgniter->handleRequest(null, Object(Config\Cache), false)
 7 SYSTEMPATH\Boot.php(325): CodeIgniter\CodeIgniter->run()
 8 SYSTEMPATH\Boot.php(67): CodeIgniter\Boot::runCodeIgniter(Object(CodeIgniter\CodeIgniter))
 9 FCPATH\index.php(56): CodeIgniter\Boot::bootWeb(Object(Config\Paths))
CRITICAL - 2024-10-01 05:40:59 --> ErrorException: include(../Config/Database.php): Failed to open stream: No such file or directory
[Method: GET, Route: /]
in APPPATH\Views\App.php on line 2.
 1 APPPATH\Views\App.php(2): CodeIgniter\Debug\Exceptions->errorHandler(2, 'include(../Config/Database.php): Failed to open stream: No such file or directory', 'C:\\xampp\\htdocs\\codeigniter4-framework-2849e7f\\app\\Views\\App.php', 2)
 2 APPPATH\Views\App.php(2): include()
 3 SYSTEMPATH\View\View.php(234): include('C:\\xampp\\htdocs\\codeigniter4-framework-2849e7f\\app\\Views\\App.php')
 4 SYSTEMPATH\View\View.php(237): CodeIgniter\View\View->CodeIgniter\View\{closure}()
 5 SYSTEMPATH\Common.php(1171): CodeIgniter\View\View->render('App', [], true)
 6 APPPATH\Controllers\Home.php(9): view('App')
 7 SYSTEMPATH\CodeIgniter.php(933): App\Controllers\Home->index()
 8 SYSTEMPATH\CodeIgniter.php(509): CodeIgniter\CodeIgniter->runController(Object(App\Controllers\Home))
 9 SYSTEMPATH\CodeIgniter.php(355): CodeIgniter\CodeIgniter->handleRequest(null, Object(Config\Cache), false)
10 SYSTEMPATH\Boot.php(325): CodeIgniter\CodeIgniter->run()
11 SYSTEMPATH\Boot.php(67): CodeIgniter\Boot::runCodeIgniter(Object(CodeIgniter\CodeIgniter))
12 FCPATH\index.php(56): CodeIgniter\Boot::bootWeb(Object(Config\Paths))
CRITICAL - 2024-10-01 05:41:00 --> ErrorException: include(../Config/Database.php): Failed to open stream: No such file or directory
[Method: GET, Route: /]
in APPPATH\Views\App.php on line 2.
 1 APPPATH\Views\App.php(2): CodeIgniter\Debug\Exceptions->errorHandler(2, 'include(../Config/Database.php): Failed to open stream: No such file or directory', 'C:\\xampp\\htdocs\\codeigniter4-framework-2849e7f\\app\\Views\\App.php', 2)
 2 APPPATH\Views\App.php(2): include()
 3 SYSTEMPATH\View\View.php(234): include('C:\\xampp\\htdocs\\codeigniter4-framework-2849e7f\\app\\Views\\App.php')
 4 SYSTEMPATH\View\View.php(237): CodeIgniter\View\View->CodeIgniter\View\{closure}()
 5 SYSTEMPATH\Common.php(1171): CodeIgniter\View\View->render('App', [], true)
 6 APPPATH\Controllers\Home.php(9): view('App')
 7 SYSTEMPATH\CodeIgniter.php(933): App\Controllers\Home->index()
 8 SYSTEMPATH\CodeIgniter.php(509): CodeIgniter\CodeIgniter->runController(Object(App\Controllers\Home))
 9 SYSTEMPATH\CodeIgniter.php(355): CodeIgniter\CodeIgniter->handleRequest(null, Object(Config\Cache), false)
10 SYSTEMPATH\Boot.php(325): CodeIgniter\CodeIgniter->run()
11 SYSTEMPATH\Boot.php(67): CodeIgniter\Boot::runCodeIgniter(Object(CodeIgniter\CodeIgniter))
12 FCPATH\index.php(56): CodeIgniter\Boot::bootWeb(Object(Config\Paths))
CRITICAL - 2024-10-01 05:41:00 --> ErrorException: include(../Config/Database.php): Failed to open stream: No such file or directory
[Method: GET, Route: /]
in APPPATH\Views\App.php on line 2.
 1 APPPATH\Views\App.php(2): CodeIgniter\Debug\Exceptions->errorHandler(2, 'include(../Config/Database.php): Failed to open stream: No such file or directory', 'C:\\xampp\\htdocs\\codeigniter4-framework-2849e7f\\app\\Views\\App.php', 2)
 2 APPPATH\Views\App.php(2): include()
 3 SYSTEMPATH\View\View.php(234): include('C:\\xampp\\htdocs\\codeigniter4-framework-2849e7f\\app\\Views\\App.php')
 4 SYSTEMPATH\View\View.php(237): CodeIgniter\View\View->CodeIgniter\View\{closure}()
 5 SYSTEMPATH\Common.php(1171): CodeIgniter\View\View->render('App', [], true)
 6 APPPATH\Controllers\Home.php(9): view('App')
 7 SYSTEMPATH\CodeIgniter.php(933): App\Controllers\Home->index()
 8 SYSTEMPATH\CodeIgniter.php(509): CodeIgniter\CodeIgniter->runController(Object(App\Controllers\Home))
 9 SYSTEMPATH\CodeIgniter.php(355): CodeIgniter\CodeIgniter->handleRequest(null, Object(Config\Cache), false)
10 SYSTEMPATH\Boot.php(325): CodeIgniter\CodeIgniter->run()
11 SYSTEMPATH\Boot.php(67): CodeIgniter\Boot::runCodeIgniter(Object(CodeIgniter\CodeIgniter))
12 FCPATH\index.php(56): CodeIgniter\Boot::bootWeb(Object(Config\Paths))
CRITICAL - 2024-10-01 05:41:00 --> ErrorException: include(../Config/Database.php): Failed to open stream: No such file or directory
[Method: GET, Route: /]
in APPPATH\Views\App.php on line 2.
 1 APPPATH\Views\App.php(2): CodeIgniter\Debug\Exceptions->errorHandler(2, 'include(../Config/Database.php): Failed to open stream: No such file or directory', 'C:\\xampp\\htdocs\\codeigniter4-framework-2849e7f\\app\\Views\\App.php', 2)
 2 APPPATH\Views\App.php(2): include()
 3 SYSTEMPATH\View\View.php(234): include('C:\\xampp\\htdocs\\codeigniter4-framework-2849e7f\\app\\Views\\App.php')
 4 SYSTEMPATH\View\View.php(237): CodeIgniter\View\View->CodeIgniter\View\{closure}()
 5 SYSTEMPATH\Common.php(1171): CodeIgniter\View\View->render('App', [], true)
 6 APPPATH\Controllers\Home.php(9): view('App')
 7 SYSTEMPATH\CodeIgniter.php(933): App\Controllers\Home->index()
 8 SYSTEMPATH\CodeIgniter.php(509): CodeIgniter\CodeIgniter->runController(Object(App\Controllers\Home))
 9 SYSTEMPATH\CodeIgniter.php(355): CodeIgniter\CodeIgniter->handleRequest(null, Object(Config\Cache), false)
10 SYSTEMPATH\Boot.php(325): CodeIgniter\CodeIgniter->run()
11 SYSTEMPATH\Boot.php(67): CodeIgniter\Boot::runCodeIgniter(Object(CodeIgniter\CodeIgniter))
12 FCPATH\index.php(56): CodeIgniter\Boot::bootWeb(Object(Config\Paths))
CRITICAL - 2024-10-01 05:41:00 --> ErrorException: include(../Config/Database.php): Failed to open stream: No such file or directory
[Method: GET, Route: /]
in APPPATH\Views\App.php on line 2.
 1 APPPATH\Views\App.php(2): CodeIgniter\Debug\Exceptions->errorHandler(2, 'include(../Config/Database.php): Failed to open stream: No such file or directory', 'C:\\xampp\\htdocs\\codeigniter4-framework-2849e7f\\app\\Views\\App.php', 2)
 2 APPPATH\Views\App.php(2): include()
 3 SYSTEMPATH\View\View.php(234): include('C:\\xampp\\htdocs\\codeigniter4-framework-2849e7f\\app\\Views\\App.php')
 4 SYSTEMPATH\View\View.php(237): CodeIgniter\View\View->CodeIgniter\View\{closure}()
 5 SYSTEMPATH\Common.php(1171): CodeIgniter\View\View->render('App', [], true)
 6 APPPATH\Controllers\Home.php(9): view('App')
 7 SYSTEMPATH\CodeIgniter.php(933): App\Controllers\Home->index()
 8 SYSTEMPATH\CodeIgniter.php(509): CodeIgniter\CodeIgniter->runController(Object(App\Controllers\Home))
 9 SYSTEMPATH\CodeIgniter.php(355): CodeIgniter\CodeIgniter->handleRequest(null, Object(Config\Cache), false)
10 SYSTEMPATH\Boot.php(325): CodeIgniter\CodeIgniter->run()
11 SYSTEMPATH\Boot.php(67): CodeIgniter\Boot::runCodeIgniter(Object(CodeIgniter\CodeIgniter))
12 FCPATH\index.php(56): CodeIgniter\Boot::bootWeb(Object(Config\Paths))
CRITICAL - 2024-10-01 06:02:00 --> ErrorException: require_once(../config.php): Failed to open stream: No such file or directory
[Method: GET, Route: login]
in APPPATH\Controllers\Auth.php on line 2.
 1 APPPATH\Controllers\Auth.php(2): CodeIgniter\Debug\Exceptions->errorHandler(2, 'require_once(../config.php): Failed to open stream: No such file or directory', 'C:\\xampp\\htdocs\\codeigniter4-framework-2849e7f\\app\\Controllers\\Auth.php', 2)
 2 APPPATH\Controllers\Auth.php(2): require_once()
 3 SYSTEMPATH\Autoloader\Autoloader.php(317): include_once('C:\\xampp\\htdocs\\codeigniter4-framework-2849e7f\\app\\Controllers\\Auth.php')
 4 SYSTEMPATH\Autoloader\Autoloader.php(296): CodeIgniter\Autoloader\Autoloader->includeFile('C:\\xampp\\htdocs\\codeigniter4-framework-2849e7f\\app\\Controllers\\Auth.php')
 5 SYSTEMPATH\Autoloader\Autoloader.php(272): CodeIgniter\Autoloader\Autoloader->loadInNamespace('App\\Controllers\\Auth')
 6 [internal function]: CodeIgniter\Autoloader\Autoloader->loadClass('App\\Controllers\\Auth')
 7 SYSTEMPATH\CodeIgniter.php(887): class_exists('\\App\\Controllers\\Auth', true)
 8 SYSTEMPATH\CodeIgniter.php(496): CodeIgniter\CodeIgniter->startController()
 9 SYSTEMPATH\CodeIgniter.php(355): CodeIgniter\CodeIgniter->handleRequest(null, Object(Config\Cache), false)
10 SYSTEMPATH\Boot.php(325): CodeIgniter\CodeIgniter->run()
11 SYSTEMPATH\Boot.php(67): CodeIgniter\Boot::runCodeIgniter(Object(CodeIgniter\CodeIgniter))
12 FCPATH\index.php(56): CodeIgniter\Boot::bootWeb(Object(Config\Paths))
CRITICAL - 2024-10-01 06:02:01 --> ErrorException: require_once(../config.php): Failed to open stream: No such file or directory
[Method: GET, Route: login]
in APPPATH\Controllers\Auth.php on line 2.
 1 APPPATH\Controllers\Auth.php(2): CodeIgniter\Debug\Exceptions->errorHandler(2, 'require_once(../config.php): Failed to open stream: No such file or directory', 'C:\\xampp\\htdocs\\codeigniter4-framework-2849e7f\\app\\Controllers\\Auth.php', 2)
 2 APPPATH\Controllers\Auth.php(2): require_once()
 3 SYSTEMPATH\Autoloader\Autoloader.php(317): include_once('C:\\xampp\\htdocs\\codeigniter4-framework-2849e7f\\app\\Controllers\\Auth.php')
 4 SYSTEMPATH\Autoloader\Autoloader.php(296): CodeIgniter\Autoloader\Autoloader->includeFile('C:\\xampp\\htdocs\\codeigniter4-framework-2849e7f\\app\\Controllers\\Auth.php')
 5 SYSTEMPATH\Autoloader\Autoloader.php(272): CodeIgniter\Autoloader\Autoloader->loadInNamespace('App\\Controllers\\Auth')
 6 [internal function]: CodeIgniter\Autoloader\Autoloader->loadClass('App\\Controllers\\Auth')
 7 SYSTEMPATH\CodeIgniter.php(887): class_exists('\\App\\Controllers\\Auth', true)
 8 SYSTEMPATH\CodeIgniter.php(496): CodeIgniter\CodeIgniter->startController()
 9 SYSTEMPATH\CodeIgniter.php(355): CodeIgniter\CodeIgniter->handleRequest(null, Object(Config\Cache), false)
10 SYSTEMPATH\Boot.php(325): CodeIgniter\CodeIgniter->run()
11 SYSTEMPATH\Boot.php(67): CodeIgniter\Boot::runCodeIgniter(Object(CodeIgniter\CodeIgniter))
12 FCPATH\index.php(56): CodeIgniter\Boot::bootWeb(Object(Config\Paths))
CRITICAL - 2024-10-01 06:02:01 --> ErrorException: require_once(../config.php): Failed to open stream: No such file or directory
[Method: GET, Route: login]
in APPPATH\Controllers\Auth.php on line 2.
 1 APPPATH\Controllers\Auth.php(2): CodeIgniter\Debug\Exceptions->errorHandler(2, 'require_once(../config.php): Failed to open stream: No such file or directory', 'C:\\xampp\\htdocs\\codeigniter4-framework-2849e7f\\app\\Controllers\\Auth.php', 2)
 2 APPPATH\Controllers\Auth.php(2): require_once()
 3 SYSTEMPATH\Autoloader\Autoloader.php(317): include_once('C:\\xampp\\htdocs\\codeigniter4-framework-2849e7f\\app\\Controllers\\Auth.php')
 4 SYSTEMPATH\Autoloader\Autoloader.php(296): CodeIgniter\Autoloader\Autoloader->includeFile('C:\\xampp\\htdocs\\codeigniter4-framework-2849e7f\\app\\Controllers\\Auth.php')
 5 SYSTEMPATH\Autoloader\Autoloader.php(272): CodeIgniter\Autoloader\Autoloader->loadInNamespace('App\\Controllers\\Auth')
 6 [internal function]: CodeIgniter\Autoloader\Autoloader->loadClass('App\\Controllers\\Auth')
 7 SYSTEMPATH\CodeIgniter.php(887): class_exists('\\App\\Controllers\\Auth', true)
 8 SYSTEMPATH\CodeIgniter.php(496): CodeIgniter\CodeIgniter->startController()
 9 SYSTEMPATH\CodeIgniter.php(355): CodeIgniter\CodeIgniter->handleRequest(null, Object(Config\Cache), false)
10 SYSTEMPATH\Boot.php(325): CodeIgniter\CodeIgniter->run()
11 SYSTEMPATH\Boot.php(67): CodeIgniter\Boot::runCodeIgniter(Object(CodeIgniter\CodeIgniter))
12 FCPATH\index.php(56): CodeIgniter\Boot::bootWeb(Object(Config\Paths))
CRITICAL - 2024-10-01 06:02:40 --> ErrorException: require_once(../config.php): Failed to open stream: No such file or directory
[Method: GET, Route: login]
in APPPATH\Controllers\Auth.php on line 2.
 1 APPPATH\Controllers\Auth.php(2): CodeIgniter\Debug\Exceptions->errorHandler(2, 'require_once(../config.php): Failed to open stream: No such file or directory', 'C:\\xampp\\htdocs\\codeigniter4-framework-2849e7f\\app\\Controllers\\Auth.php', 2)
 2 APPPATH\Controllers\Auth.php(2): require_once()
 3 SYSTEMPATH\Autoloader\Autoloader.php(317): include_once('C:\\xampp\\htdocs\\codeigniter4-framework-2849e7f\\app\\Controllers\\Auth.php')
 4 SYSTEMPATH\Autoloader\Autoloader.php(296): CodeIgniter\Autoloader\Autoloader->includeFile('C:\\xampp\\htdocs\\codeigniter4-framework-2849e7f\\app\\Controllers\\Auth.php')
 5 SYSTEMPATH\Autoloader\Autoloader.php(272): CodeIgniter\Autoloader\Autoloader->loadInNamespace('App\\Controllers\\Auth')
 6 [internal function]: CodeIgniter\Autoloader\Autoloader->loadClass('App\\Controllers\\Auth')
 7 SYSTEMPATH\CodeIgniter.php(887): class_exists('\\App\\Controllers\\Auth', true)
 8 SYSTEMPATH\CodeIgniter.php(496): CodeIgniter\CodeIgniter->startController()
 9 SYSTEMPATH\CodeIgniter.php(355): CodeIgniter\CodeIgniter->handleRequest(null, Object(Config\Cache), false)
10 SYSTEMPATH\Boot.php(325): CodeIgniter\CodeIgniter->run()
11 SYSTEMPATH\Boot.php(67): CodeIgniter\Boot::runCodeIgniter(Object(CodeIgniter\CodeIgniter))
12 FCPATH\index.php(56): CodeIgniter\Boot::bootWeb(Object(Config\Paths))
